SF:lib/data/database.dart
DA:5,22
DA:6,22
LF:2
LH:2
end_of_record
SF:lib/data/model.dart
DA:8,4
DA:9,4
DA:10,8
DA:11,0
DA:12,0
DA:13,0
DA:14,0
DA:15,0
DA:16,0
DA:17,0
DA:27,6
DA:28,12
DA:29,0
DA:30,0
DA:31,0
DA:32,0
DA:34,0
DA:35,0
DA:36,0
DA:37,0
DA:38,0
DA:48,0
DA:49,0
DA:50,0
DA:51,0
DA:52,0
DA:62,5
DA:63,0
DA:64,0
DA:65,0
DA:66,0
DA:68,0
DA:69,0
DA:81,4
DA:82,4
DA:83,4
DA:84,4
DA:86,8
DA:87,0
DA:88,0
DA:89,0
DA:90,0
DA:91,0
DA:92,0
DA:94,0
DA:95,0
DA:96,0
DA:97,0
DA:101,0
DA:102,0
DA:105,0
DA:106,0
DA:116,6
DA:118,1
DA:119,1
DA:120,2
DA:121,2
DA:122,2
DA:126,0
DA:128,0
DA:129,0
DA:133,0
DA:135,0
LF:63
LH:17
end_of_record
SF:lib/navigation/navigation.dart
DA:10,11
DA:11,0
DA:12,0
DA:13,0
DA:16,0
DA:17,0
DA:20,1
DA:21,3
DA:24,0
DA:25,0
DA:28,1
DA:29,3
DA:32,1
DA:33,3
DA:36,0
DA:37,0
DA:38,0
DA:39,0
DA:40,0
LF:19
LH:7
end_of_record
SF:lib/ui/extra_items/extra_items_dialog.dart
DA:5,1
DA:6,1
DA:7,1
DA:8,1
DA:9,1
DA:11,1
LF:6
LH:6
end_of_record
SF:lib/ui/saved/create_meal_widget.dart
DA:12,1
DA:17,1
DA:19,1
DA:21,1
DA:22,1
DA:23,1
DA:24,2
DA:29,1
DA:30,2
LF:9
LH:9
end_of_record
SF:lib/ui/extra_items/create_ingredient_form.dart
DA:10,1
DA:12,1
DA:14,1
DA:23,1
DA:24,2
DA:25,1
DA:26,3
DA:29,1
DA:31,1
DA:32,1
DA:33,1
DA:34,1
DA:35,1
DA:38,1
DA:39,1
DA:40,5
DA:41,1
DA:42,1
DA:45,1
DA:46,0
DA:47,0
DA:48,0
DA:49,0
DA:50,0
DA:51,0
DA:55,1
DA:58,1
DA:59,0
DA:60,0
LF:29
LH:21
end_of_record
SF:lib/ui/saved/mutable_ingredient_container.dart
DA:6,2
DA:9,2
DA:11,2
DA:13,2
DA:14,2
DA:15,2
DA:16,4
DA:17,2
DA:18,3
DA:19,2
DA:21,2
DA:22,2
DA:23,4
DA:24,4
DA:25,2
DA:26,3
DA:28,2
DA:31,4
DA:32,4
DA:33,2
DA:34,3
LF:21
LH:21
end_of_record
SF:lib/ui/saved/create_meal_form.dart
DA:13,1
DA:15,1
DA:17,2
DA:27,2
DA:28,2
DA:29,2
DA:30,0
DA:34,1
DA:36,1
DA:37,1
DA:38,1
DA:39,1
DA:40,1
DA:41,1
DA:42,1
DA:43,1
DA:44,1
DA:45,0
DA:46,0
DA:48,1
DA:54,1
DA:55,1
DA:59,1
DA:60,2
DA:61,0
DA:62,0
DA:63,0
DA:65,1
DA:68,1
DA:69,1
DA:70,1
DA:71,1
DA:72,0
DA:73,0
DA:74,0
DA:78,1
DA:79,1
DA:80,1
DA:81,1
DA:82,0
DA:83,0
DA:84,0
DA:85,0
DA:86,0
DA:87,0
DA:88,0
LF:46
LH:30
end_of_record
SF:lib/ui/util/home_scaffold.dart
DA:7,1
DA:9,1
DA:11,1
DA:13,1
DA:14,1
DA:15,1
DA:17,1
DA:19,1
LF:8
LH:8
end_of_record
SF:lib/ui/util/safe_area_scroll_view.dart
DA:10,4
DA:11,2
DA:13,14
LF:3
LH:3
end_of_record
SF:lib/ui/saved/saved_meal_list_tile_widget.dart
DA:10,1
DA:13,3
DA:17,1
DA:19,1
DA:20,1
DA:21,3
DA:22,1
DA:23,2
DA:25,1
DA:26,2
DA:27,1
DA:28,1
DA:29,3
LF:13
LH:13
end_of_record
SF:lib/ui/active/active_ingredient_tile.dart
DA:9,6
DA:10,3
DA:12,3
DA:13,3
DA:14,6
DA:15,3
DA:16,3
DA:17,3
DA:18,3
DA:19,1
DA:20,3
DA:22,6
DA:23,3
DA:24,3
DA:27,3
DA:28,3
DA:29,3
DA:30,1
DA:31,2
DA:39,3
DA:40,18
DA:41,12
DA:42,3
DA:43,3
LF:24
LH:24
end_of_record
SF:lib/ui/active/active_meal_widget.dart
DA:10,1
DA:13,1
DA:15,1
DA:17,1
DA:18,1
DA:20,2
DA:21,1
DA:22,1
DA:23,1
DA:25,1
DA:26,1
DA:27,3
DA:28,1
DA:29,3
DA:30,1
DA:31,2
DA:42,3
DA:44,3
DA:46,3
DA:48,3
DA:52,3
DA:53,9
LF:22
LH:22
end_of_record
SF:lib/ui/active/active_meals_widget.dart
DA:10,2
DA:12,2
DA:17,2
DA:19,2
DA:20,2
DA:21,2
DA:22,2
DA:23,2
DA:24,2
DA:27,2
DA:28,2
DA:29,2
DA:30,2
DA:31,2
DA:32,4
DA:33,1
DA:35,4
DA:44,1
DA:45,1
DA:46,2
DA:47,1
DA:48,1
LF:22
LH:22
end_of_record
SF:lib/ui/active/dismissible_active_meal_list_tile.dart
DA:7,2
DA:10,2
DA:14,2
DA:16,2
DA:17,2
DA:18,6
DA:19,1
DA:20,2
DA:22,2
DA:23,6
DA:24,2
DA:26,2
DA:27,1
DA:28,2
LF:14
LH:14
end_of_record
SF:lib/ui/saved/saved_meals_list_widget.dart
DA:10,1
DA:12,1
DA:13,1
DA:14,1
DA:15,1
DA:16,1
DA:17,1
DA:18,1
DA:19,1
DA:20,1
DA:21,1
DA:22,2
DA:23,0
DA:24,1
LF:14
LH:13
end_of_record
SF:lib/ui/saved/saved_meals_widget.dart
DA:12,1
DA:14,1
DA:15,1
DA:16,1
DA:17,1
DA:18,1
DA:25,1
DA:26,1
DA:27,1
DA:28,1
DA:29,2
DA:31,2
LF:12
LH:12
end_of_record
SF:lib/ui/extra_items/extra_shopping_items_widget.dart
DA:7,1
DA:9,1
DA:11,1
DA:13,1
DA:18,1
DA:20,1
DA:21,1
DA:22,1
DA:25,1
DA:26,1
DA:27,1
DA:28,1
DA:29,4
DA:30,1
DA:31,3
DA:32,1
DA:33,2
LF:17
LH:17
end_of_record
