SF:lib/data/database.dart
DA:5,24
DA:6,24
LF:2
LH:2
end_of_record
SF:lib/data/model.dart
DA:8,4
DA:9,4
DA:10,8
DA:11,1
DA:12,1
DA:13,1
DA:14,1
DA:15,1
DA:16,2
DA:17,2
DA:27,6
DA:28,12
DA:29,1
DA:30,1
DA:31,1
DA:32,7
DA:34,1
DA:35,1
DA:36,2
DA:37,2
DA:38,3
DA:48,1
DA:49,1
DA:50,2
DA:51,2
DA:52,2
DA:62,6
DA:63,1
DA:64,1
DA:65,1
DA:66,1
DA:67,1
DA:70,1
DA:71,4
DA:83,5
DA:84,5
DA:85,5
DA:86,5
DA:88,10
DA:89,1
DA:90,1
DA:91,1
DA:92,1
DA:93,1
DA:94,1
DA:96,1
DA:97,1
DA:98,2
DA:99,2
DA:103,1
DA:104,4
DA:107,1
DA:108,5
DA:118,12
DA:120,2
DA:121,2
DA:122,4
DA:123,4
DA:124,4
DA:128,1
DA:130,1
DA:131,2
DA:135,1
DA:137,4
LF:64
LH:64
end_of_record
SF:lib/navigation/navigation.dart
DA:10,12
DA:11,0
DA:12,0
DA:13,0
DA:16,0
DA:17,0
DA:20,1
DA:21,3
DA:24,0
DA:25,0
DA:28,1
DA:29,3
DA:32,1
DA:33,3
DA:36,0
DA:37,0
DA:38,0
DA:39,0
DA:40,0
LF:19
LH:7
end_of_record
SF:lib/ui/extra_items/extra_items_dialog.dart
DA:5,1
DA:6,1
DA:7,1
DA:8,1
DA:9,1
DA:11,1
LF:6
LH:6
end_of_record
SF:lib/ui/saved/create_meal_widget.dart
DA:12,1
DA:17,1
DA:19,1
DA:21,1
DA:22,1
DA:23,1
DA:24,2
DA:29,1
DA:30,2
LF:9
LH:9
end_of_record
SF:lib/ui/extra_items/create_ingredient_form.dart
DA:10,2
DA:12,2
DA:14,2
DA:23,2
DA:24,4
DA:25,2
DA:26,6
DA:29,2
DA:31,2
DA:32,2
DA:33,2
DA:34,2
DA:35,2
DA:38,2
DA:39,2
DA:40,10
DA:41,2
DA:42,2
DA:45,2
DA:46,1
DA:47,2
DA:48,1
DA:49,0
DA:50,0
DA:51,0
DA:55,2
DA:58,2
DA:59,1
DA:60,2
LF:29
LH:26
end_of_record
SF:lib/ui/saved/mutable_ingredient_container.dart
DA:6,3
DA:9,3
DA:11,3
DA:13,3
DA:14,3
DA:15,3
DA:16,6
DA:17,3
DA:18,3
DA:19,4
DA:21,3
DA:22,3
DA:23,6
DA:24,6
DA:25,3
DA:26,3
DA:28,3
DA:31,6
DA:32,6
DA:33,3
DA:34,3
LF:21
LH:21
end_of_record
SF:lib/ui/saved/create_meal_form.dart
DA:13,1
DA:15,1
DA:17,2
DA:27,2
DA:28,2
DA:29,2
DA:30,0
DA:34,1
DA:36,1
DA:37,1
DA:38,1
DA:39,1
DA:40,1
DA:41,1
DA:42,1
DA:43,1
DA:44,1
DA:45,0
DA:46,0
DA:48,1
DA:54,1
DA:55,1
DA:59,1
DA:60,2
DA:61,0
DA:62,0
DA:63,0
DA:65,1
DA:68,1
DA:69,1
DA:70,1
DA:71,1
DA:72,0
DA:73,0
DA:74,0
DA:78,1
DA:79,1
DA:80,1
DA:81,1
DA:82,0
DA:83,0
DA:84,0
DA:85,0
DA:86,0
DA:87,0
DA:88,0
LF:46
LH:30
end_of_record
SF:lib/ui/util/home_scaffold.dart
DA:7,1
DA:9,1
DA:11,1
DA:13,1
DA:14,1
DA:15,1
DA:17,1
DA:19,1
LF:8
LH:8
end_of_record
SF:lib/ui/util/safe_area_scroll_view.dart
DA:10,4
DA:11,2
DA:13,14
LF:3
LH:3
end_of_record
SF:lib/ui/saved/saved_meal_list_tile_widget.dart
DA:10,1
DA:13,3
DA:17,1
DA:19,1
DA:20,1
DA:21,3
DA:22,1
DA:23,2
DA:25,1
DA:26,2
DA:27,1
DA:28,1
DA:29,3
LF:13
LH:13
end_of_record
SF:lib/ui/active/active_ingredient_tile.dart
DA:9,6
DA:10,3
DA:12,3
DA:13,3
DA:14,6
DA:15,3
DA:16,3
DA:17,3
DA:18,3
DA:19,1
DA:20,3
DA:22,6
DA:23,3
DA:24,3
DA:27,3
DA:28,3
DA:29,3
DA:30,1
DA:31,2
DA:34,3
DA:35,3
DA:36,0
DA:37,0
DA:46,3
DA:47,18
DA:48,12
DA:49,3
DA:50,3
DA:60,3
DA:62,3
DA:64,3
DA:65,3
DA:68,3
DA:69,3
DA:70,3
DA:71,6
DA:74,3
DA:77,3
DA:78,6
DA:79,3
DA:81,3
LF:41
LH:39
end_of_record
SF:lib/ui/active/active_meal_widget.dart
DA:10,1
DA:13,1
DA:15,1
DA:17,1
DA:18,1
DA:20,2
DA:21,1
DA:22,1
DA:23,1
DA:25,1
DA:26,1
DA:27,3
DA:28,1
DA:29,3
DA:30,1
DA:31,2
DA:42,3
DA:44,3
DA:46,3
DA:48,3
DA:52,3
DA:53,9
LF:22
LH:22
end_of_record
SF:lib/ui/active/active_meals_widget.dart
DA:10,2
DA:12,2
DA:17,2
DA:19,2
DA:20,2
DA:21,2
DA:22,2
DA:23,2
DA:24,2
DA:27,2
DA:28,2
DA:29,2
DA:30,2
DA:31,2
DA:32,4
DA:33,1
DA:35,4
DA:44,1
DA:45,1
DA:46,2
DA:47,1
DA:48,1
LF:22
LH:22
end_of_record
SF:lib/ui/active/dismissible_active_meal_list_tile.dart
DA:7,2
DA:10,2
DA:14,2
DA:16,2
DA:17,2
DA:18,6
DA:19,1
DA:20,2
DA:22,2
DA:23,6
DA:24,2
DA:26,2
DA:27,1
DA:28,2
LF:14
LH:14
end_of_record
SF:lib/ui/saved/saved_meals_list_widget.dart
DA:10,1
DA:12,1
DA:13,1
DA:14,1
DA:15,1
DA:16,1
DA:17,1
DA:18,1
DA:19,1
DA:20,1
DA:21,1
DA:22,2
DA:23,0
DA:24,1
LF:14
LH:13
end_of_record
SF:lib/ui/saved/saved_meals_widget.dart
DA:12,1
DA:14,1
DA:15,1
DA:16,1
DA:17,1
DA:18,1
DA:25,1
DA:26,1
DA:27,1
DA:28,1
DA:29,2
DA:31,2
LF:12
LH:12
end_of_record
SF:lib/ui/extra_items/extra_shopping_items_widget.dart
DA:7,1
DA:9,1
DA:11,1
DA:13,1
DA:18,1
DA:20,1
DA:21,1
DA:22,1
DA:25,1
DA:26,1
DA:27,1
DA:28,1
DA:29,4
DA:30,1
DA:31,3
DA:32,1
DA:33,2
LF:17
LH:17
end_of_record
